GROUP,PACKAGE,CLASS,INSTRUCTION_MISSED,INSTRUCTION_COVERED,BRANCH_MISSED,BRANCH_COVERED,LINE_MISSED,LINE_COVERED,COMPLEXITY_MISSED,COMPLEXITY_COVERED,METHOD_MISSED,METHOD_COVERED
Entando Component Manager,org.entando.kubernetes.model.bundle,BundleComponentTypesConverter,14,3,0,0,2,1,2,1,2,1
Entando Component Manager,org.entando.kubernetes.model.bundle,BundleProperty,0,48,0,0,0,8,0,3,0,3
Entando Component Manager,org.entando.kubernetes.model.bundle,EntandoBundle,0,19,1,3,0,2,1,3,0,2
Entando Component Manager,org.entando.kubernetes.model.bundle,ComponentType,3,185,0,0,1,20,1,5,1,5
Entando Component Manager,org.entando.kubernetes.model.bundle,EntandoBundleVersion,0,19,0,0,0,4,0,2,0,2
Entando Component Manager,org.entando.kubernetes.exception.http,HttpBadRequestException,2,0,0,0,1,0,1,0,1,0
Entando Component Manager,org.entando.kubernetes.exception.http,HttpNotFoundException,0,2,0,0,0,1,0,1,0,1
Entando Component Manager,org.entando.kubernetes.model.web.request,FilterOperator,12,95,1,3,1,14,1,5,0,4
Entando Component Manager,org.entando.kubernetes.model.web.request,FilterUtils,240,112,35,13,46,30,35,10,11,6
Entando Component Manager,org.entando.kubernetes.model.web.request,Filter,0,13,0,0,0,5,0,1,0,1
Entando Component Manager,org.entando.kubernetes.model.web.request,FilterType,96,0,4,0,14,0,6,0,4,0
Entando Component Manager,org.entando.kubernetes.model.web.request,RequestListProcessor,3,140,10,18,1,31,11,10,1,6
Entando Component Manager,org.entando.kubernetes.model.web.request,FilterUtils.EntandoFilterException,16,0,0,0,8,0,4,0,4,0
Entando Component Manager,org.entando.kubernetes.model.web.request,FilterType.new FilterType() {...},10,0,0,0,2,0,2,0,2,0
Entando Component Manager,org.entando.kubernetes.model.web.request,FilterType.new FilterType() {...},9,0,0,0,2,0,2,0,2,0
Entando Component Manager,org.entando.kubernetes.model.web.request,FilterType.new FilterType() {...},11,0,0,0,2,0,2,0,2,0
Entando Component Manager,org.entando.kubernetes.model.web.request,FilterType.new FilterType() {...},12,0,0,0,2,0,2,0,2,0
Entando Component Manager,org.entando.kubernetes.model.web.request,PagedListRequest,28,96,6,10,8,19,7,6,1,4
Entando Component Manager,org.entando.kubernetes.security.oauth2,OAuthIdpTokenResponseDTO,87,0,0,0,38,0,25,0,25,0
Entando Component Manager,org.entando.kubernetes.security.oauth2,AuthorizationHeaderUtil,318,13,18,0,73,5,15,1,6,1
Entando Component Manager,org.entando.kubernetes.security.oauth2,JwtAuthorityExtractor,48,3,2,0,10,1,5,1,4,1
Entando Component Manager,org.entando.kubernetes.security.oauth2,AudienceValidator,42,0,4,0,8,0,4,0,2,0
Entando Component Manager,org.entando.kubernetes.exception.digitalexchange,BundleNotInstalledException,0,4,0,0,0,2,0,1,0,1
Entando Component Manager,org.entando.kubernetes.exception.digitalexchange,InvalidBundleException,21,4,0,0,9,2,5,1,5,1
Entando Component Manager,org.entando.kubernetes.exception.digitalexchange,DigitalExchangeNotFoundException,5,0,0,0,2,0,2,0,2,0
Entando Component Manager,org.entando.kubernetes.service.digitalexchange.entandocore,EntandoDefaultOAuth2RequestAuthenticator,5,22,1,1,1,5,1,2,0,2
Entando Component Manager,org.entando.kubernetes.model.bundle.descriptor.plugin,PluginDescriptor,0,25,0,4,0,6,0,4,0,2
Entando Component Manager,org.entando.kubernetes.model.job,EntandoBundleComponentJob,27,0,0,0,10,0,1,0,1,0
Entando Component Manager,org.entando.kubernetes.model.job,JobOperation,3,0,0,0,1,0,1,0,1,0
Entando Component Manager,org.entando.kubernetes.model.job,JobResult,8,10,1,1,3,2,3,2,2,2
Entando Component Manager,org.entando.kubernetes.model.job,EntandoBundleJobEntity,46,4,0,0,12,2,1,1,1,1
Entando Component Manager,org.entando.kubernetes.model.job,EntandoBundleJob,0,44,0,0,0,14,0,2,0,2
Entando Component Manager,org.entando.kubernetes.model.job,JobType,0,160,0,0,0,12,0,4,0,4
Entando Component Manager,org.entando.kubernetes.model.job,EntandoBundleComponentJobEntity,46,0,0,0,13,0,2,0,2,0
Entando Component Manager,org.entando.kubernetes.model.job,ImageConverter,2,17,2,2,0,3,2,3,0,3
Entando Component Manager,org.entando.kubernetes.model.job,JobProgress,49,0,0,0,12,0,5,0,5,0
Entando Component Manager,org.entando.kubernetes.model.job,JobTracker,24,88,4,4,6,23,6,6,2,6
Entando Component Manager,org.entando.kubernetes.model.job,JobStatus,4,118,0,0,1,13,1,2,1,2
Entando Component Manager,org.entando.kubernetes.model.job,HashMapConverter,36,7,4,0,14,2,4,2,2,2
Entando Component Manager,org.entando.kubernetes.model.job,JobScheduler,121,13,8,0,42,4,14,1,10,1
Entando Component Manager,org.entando.kubernetes.service.digitalexchange,BundleUtilities,0,364,0,12,0,85,0,27,0,21
Entando Component Manager,org.entando.kubernetes.client.core,DefaultEntandoCoreClient,350,612,4,6,34,67,16,26,12,25
Entando Component Manager,org.entando.kubernetes.client.core,DefaultEntandoCoreClient.new ParameterizedTypeReference() {...},0,6,0,0,0,1,0,1,0,1
Entando Component Manager,org.entando.kubernetes.exception.web,ConflictException,11,0,0,0,4,0,2,0,2,0
Entando Component Manager,org.entando.kubernetes.exception.web,UnprocessableEntityException,11,0,0,0,4,0,2,0,2,0
Entando Component Manager,org.entando.kubernetes.exception.web,HttpException,21,10,0,0,8,4,2,1,2,1
Entando Component Manager,org.entando.kubernetes.exception.web,ValidationErrorResponse,48,0,2,0,13,0,5,0,4,0
Entando Component Manager,org.entando.kubernetes.exception.web,NotFoundException,11,0,0,0,4,0,2,0,2,0
Entando Component Manager,org.entando.kubernetes.exception.web,BadRequestException,20,0,0,0,8,0,4,0,4,0
Entando Component Manager,org.entando.kubernetes.exception.web,InternalServerException,11,0,0,0,4,0,2,0,2,0
Entando Component Manager,org.entando.kubernetes.model.bundle.processor,PageTemplateProcessor,41,64,2,4,9,15,5,5,4,3
Entando Component Manager,org.entando.kubernetes.model.bundle.processor,FileProcessor,35,99,3,3,6,21,5,5,3,4
Entando Component Manager,org.entando.kubernetes.model.bundle.processor,CategoryProcessor,41,60,2,4,9,14,5,5,4,3
Entando Component Manager,org.entando.kubernetes.model.bundle.processor,PluginProcessor,36,57,4,2,6,13,7,3,4,3
Entando Component Manager,org.entando.kubernetes.model.bundle.processor,DirectoryProcessor,58,90,5,3,11,15,7,4,4,3
Entando Component Manager,org.entando.kubernetes.model.bundle.processor,PageProcessor,41,50,2,2,9,12,5,4,4,3
Entando Component Manager,org.entando.kubernetes.model.bundle.processor,ContentTypeProcessor,41,52,2,2,9,13,5,4,4,3
Entando Component Manager,org.entando.kubernetes.model.bundle.processor,FragmentProcessor,41,65,3,5,9,14,6,5,4,3
Entando Component Manager,org.entando.kubernetes.model.bundle.processor,WidgetProcessor,41,70,3,5,9,16,6,5,4,3
Entando Component Manager,org.entando.kubernetes.model.bundle.processor,GroupProcessor,95,6,6,0,21,2,8,2,5,2
Entando Component Manager,org.entando.kubernetes.model.bundle.processor,LanguageProcessor,46,64,3,5,10,16,6,5,4,3
Entando Component Manager,org.entando.kubernetes.model.bundle.processor,LabelProcessor,41,60,2,4,9,14,5,5,4,3
Entando Component Manager,org.entando.kubernetes.model.bundle.processor,ComponentProcessor,20,8,2,0,4,1,3,1,2,1
Entando Component Manager,org.entando.kubernetes.model.bundle.processor,ContentTemplateProcessor,41,66,2,4,9,15,5,5,4,3
Entando Component Manager,org.entando.kubernetes.model.bundle.installable,LanguageInstallable,15,34,0,0,4,10,2,6,2,6
Entando Component Manager,org.entando.kubernetes.model.bundle.installable,PageInstallable,55,16,0,0,13,5,6,3,6,3
Entando Component Manager,org.entando.kubernetes.model.bundle.installable,FileInstallable,22,30,0,0,6,6,4,4,4,4
Entando Component Manager,org.entando.kubernetes.model.bundle.installable,ContentTypeInstallable,33,16,0,0,9,5,5,3,5,3
Entando Component Manager,org.entando.kubernetes.model.bundle.installable,DirectoryInstallable,34,18,2,0,8,6,5,4,4,4
Entando Component Manager,org.entando.kubernetes.model.bundle.installable,FragmentInstallable,38,11,0,0,10,4,6,2,6,2
Entando Component Manager,org.entando.kubernetes.model.bundle.installable,PageTemplateInstallable,33,16,0,0,9,5,5,3,5,3
Entando Component Manager,org.entando.kubernetes.model.bundle.installable,LabelInstallable,15,34,0,0,4,10,2,6,2,6
Entando Component Manager,org.entando.kubernetes.model.bundle.installable,ContentTemplateInstallable,38,11,0,0,10,4,6,2,6,2
Entando Component Manager,org.entando.kubernetes.model.bundle.installable,WidgetInstallable,38,11,0,0,10,4,6,2,6,2
Entando Component Manager,org.entando.kubernetes.model.bundle.installable,PluginInstallable,61,11,2,0,15,4,7,2,6,2
Entando Component Manager,org.entando.kubernetes.model.bundle.installable,CategoryInstallable,38,11,0,0,10,4,6,2,6,2
Entando Component Manager,org.entando.kubernetes.model.bundle.installable,GroupInstallable,49,0,0,0,14,0,8,0,8,0
Entando Component Manager,org.entando.kubernetes.model.bundle.installable,Installable,25,18,0,0,8,6,4,3,4,3
Entando Component Manager,org.entando.kubernetes.service,KubernetesService,116,141,3,7,25,31,14,9,11,7
Entando Component Manager,org.entando.kubernetes.model.web,ResilientListWrapper,46,0,4,0,11,0,5,0,3,0
Entando Component Manager,org.entando.kubernetes.model.web,ResilientPagedMetadata,26,0,2,0,7,0,3,0,2,0
Entando Component Manager,org.entando.kubernetes.client.k8ssvc,DefaultK8SServiceClient.new ParameterizedTypeReference() {...},0,6,0,0,0,1,0,1,0,1
Entando Component Manager,org.entando.kubernetes.client.k8ssvc,DefaultK8SServiceClient.new ParameterizedTypeReference() {...},0,6,0,0,0,1,0,1,0,1
Entando Component Manager,org.entando.kubernetes.client.k8ssvc,DefaultK8SServiceClient.new ParameterizedTypeReference() {...},0,6,0,0,0,1,0,1,0,1
Entando Component Manager,org.entando.kubernetes.client.k8ssvc,DefaultK8SServiceClient.new ParameterizedTypeReference() {...},0,6,0,0,0,1,0,1,0,1
Entando Component Manager,org.entando.kubernetes.client.k8ssvc,DefaultK8SServiceClient.new ParameterizedTypeReference() {...},0,6,0,0,0,1,0,1,0,1
Entando Component Manager,org.entando.kubernetes.client.k8ssvc,DefaultK8SServiceClient.new ParameterizedTypeReference() {...},0,6,0,0,0,1,0,1,0,1
Entando Component Manager,org.entando.kubernetes.client.k8ssvc,DefaultK8SServiceClient.new ParameterizedTypeReference() {...},0,6,0,0,0,1,0,1,0,1
Entando Component Manager,org.entando.kubernetes.client.k8ssvc,DefaultK8SServiceClient.new ParameterizedTypeReference() {...},0,6,0,0,0,1,0,1,0,1
Entando Component Manager,org.entando.kubernetes.client.k8ssvc,DefaultK8SServiceClient.new ParameterizedTypeReference() {...},0,6,0,0,0,1,0,1,0,1
Entando Component Manager,org.entando.kubernetes.client.k8ssvc,DefaultK8SServiceClient,158,818,17,11,26,173,16,40,3,39
Entando Component Manager,org.entando.kubernetes.model.bundle.downloader,GitBundleDownloader,28,66,1,1,6,17,2,3,1,3
Entando Component Manager,org.entando.kubernetes.model.bundle.downloader,NpmBundleDownloader,72,158,8,8,13,35,6,8,0,6
Entando Component Manager,org.entando.kubernetes.model.bundle.downloader,BundleDownloader.Type,0,24,0,0,0,3,0,1,0,1
Entando Component Manager,org.entando.kubernetes.model.bundle.downloader,BundleDownloader.BundleDownloaderException,23,0,0,0,10,0,5,0,5,0
Entando Component Manager,org.entando.kubernetes.model.bundle.downloader,BundleDownloader,20,106,1,7,6,24,2,9,1,6
Entando Component Manager,org.entando.kubernetes.model.bundle.downloader,BundleDownloaderFactory,0,38,0,0,0,10,0,6,0,6
Entando Component Manager,org.entando.kubernetes.controller.plugin,PluginController,8,79,0,2,1,22,0,7,0,6
Entando Component Manager,org.entando.kubernetes.exception.k8ssvc,DeploymentNotFoundException,5,0,0,0,2,0,2,0,2,0
Entando Component Manager,org.entando.kubernetes.exception.k8ssvc,BundleNotFoundException,0,16,0,0,0,5,0,3,0,3
Entando Component Manager,org.entando.kubernetes.exception.k8ssvc,PluginNotFoundException,0,5,0,0,0,2,0,2,0,2
Entando Component Manager,org.entando.kubernetes.exception.k8ssvc,PluginNotReadyException,15,0,0,0,3,0,2,0,2,0
Entando Component Manager,org.entando.kubernetes.exception.k8ssvc,K8SServiceClientException,23,0,0,0,10,0,5,0,5,0
Entando Component Manager,org.entando.kubernetes.exception.k8ssvc,EntandoAppPluginLinkingProcessException,3,4,0,0,2,2,1,1,1,1
Entando Component Manager,org.entando.kubernetes.exception.k8ssvc,PluginAlreadyDeployedException,5,0,0,0,2,0,2,0,2,0
Entando Component Manager,org.entando.kubernetes.model.bundle.descriptor,LanguageDescriptor,0,3,0,0,0,1,0,1,0,1
Entando Component Manager,org.entando.kubernetes.model.bundle.descriptor,ContentTypeAttribute,0,3,0,0,0,1,0,1,0,1
Entando Component Manager,org.entando.kubernetes.model.bundle.descriptor,DockerImage.MalformedDockerImageException,4,0,0,0,2,0,1,0,1,0
Entando Component Manager,org.entando.kubernetes.model.bundle.descriptor,FrameDescriptor,0,7,0,2,0,1,0,2,0,1
Entando Component Manager,org.entando.kubernetes.model.bundle.descriptor,WidgetDescriptor.ConfigUIDescriptor,0,3,0,0,0,1,0,1,0,1
Entando Component Manager,org.entando.kubernetes.model.bundle.descriptor,ComponentSpecDescriptor,0,8,0,0,0,4,0,2,0,2
Entando Component Manager,org.entando.kubernetes.model.bundle.descriptor,OgnlValidation,0,3,0,0,0,1,0,1,0,1
Entando Component Manager,org.entando.kubernetes.model.bundle.descriptor,DockerImage,14,57,3,3,2,13,3,3,0,3
Entando Component Manager,org.entando.kubernetes.model.bundle.descriptor,ContentTypeValidationRule,0,3,0,0,0,1,0,1,0,1
Entando Component Manager,org.entando.kubernetes.model.bundle.descriptor,Role,0,3,0,0,0,1,0,1,0,1
Entando Component Manager,org.entando.kubernetes.controller.digitalexchange.job,EntandoBundleJobResourceController,0,77,0,0,0,13,0,5,0,5
Entando Component Manager,org.entando.kubernetes.controller.digitalexchange.job,EntandoBundleOperationResourceController,57,112,3,1,12,21,6,9,4,9
Entando Component Manager,org.entando.kubernetes.controller,GlobalControllerExceptionHandler,0,64,1,5,0,18,1,5,0,3
Entando Component Manager,org.entando.kubernetes.config,JwtDecoderConfiguration,35,0,0,0,8,0,2,0,2,0
Entando Component Manager,org.entando.kubernetes.config,AppConfiguration,18,14,2,0,5,3,2,2,1,2
Entando Component Manager,org.entando.kubernetes.config,OpenApiConfig,0,58,0,0,0,15,0,2,0,2
Entando Component Manager,org.entando.kubernetes.config,KubernetesConfiguration,36,0,0,0,7,0,4,0,4,0
Entando Component Manager,org.entando.kubernetes.config,CorsAccessControlConfiguration,31,57,1,1,6,7,1,2,0,2
Entando Component Manager,org.entando.kubernetes.config,SecurityConfiguration,0,125,0,0,0,39,0,2,0,2
Entando Component Manager,org.entando.kubernetes.service.digitalexchange.component,EntandoBundleServiceImpl,77,320,8,10,17,80,7,16,2,12
Entando Component Manager,org.entando.kubernetes.service.digitalexchange.component,EntandoBundleListProcessor,38,72,4,5,6,11,9,14,5,11
Entando Component Manager,org.entando.kubernetes.service.digitalexchange.component,EntandoBundleComponentUsageService,30,26,6,3,6,7,6,4,0,2
Entando Component Manager,org.entando.kubernetes,EntandoKubernetesJavaApplication,5,3,0,0,2,1,1,1,1,1
Entando Component Manager,org.entando.kubernetes.model.web.response,SimpleRestResponse,22,7,0,0,5,4,2,2,2,2
Entando Component Manager,org.entando.kubernetes.model.web.response,PagedMetadata,121,74,3,1,28,17,7,3,5,3
Entando Component Manager,org.entando.kubernetes.model.web.response,BaseMapModel,28,0,2,0,7,0,4,0,3,0
Entando Component Manager,org.entando.kubernetes.model.web.response,RestResponse,14,29,0,0,5,10,2,3,2,3
Entando Component Manager,org.entando.kubernetes.model.web.response,PagedRestResponse,10,6,0,0,4,2,2,1,2,1
Entando Component Manager,org.entando.kubernetes.service.digitalexchange.job,EntandoBundleUninstallService,433,4,16,0,93,1,24,1,16,1
Entando Component Manager,org.entando.kubernetes.service.digitalexchange.job,EntandoBundleJobListProcessor,50,74,7,7,9,13,13,15,6,10
Entando Component Manager,org.entando.kubernetes.service.digitalexchange.job,EntandoBundleInstallService,422,145,18,0,97,33,20,8,11,8
Entando Component Manager,org.entando.kubernetes.service.digitalexchange.job,EntandoBundleJobExecutor,52,0,4,0,9,0,4,0,2,0
Entando Component Manager,org.entando.kubernetes.service.digitalexchange.job,EntandoBundleJobService,58,88,8,2,12,19,7,8,2,8
Entando Component Manager,org.entando.kubernetes.service.digitalexchange.signature,SignatureMatchingException,4,0,0,0,2,0,1,0,1,0
Entando Component Manager,org.entando.kubernetes.service.digitalexchange.signature,SignatureUtil,36,191,0,4,12,51,0,12,0,10
Entando Component Manager,org.entando.kubernetes.exception.job,JobConflictException,25,0,0,0,11,0,6,0,6,0
Entando Component Manager,org.entando.kubernetes.exception.job,JobExecutionException,9,0,0,0,4,0,2,0,2,0
Entando Component Manager,org.entando.kubernetes.exception.job,JobNotFoundException,5,0,0,0,2,0,2,0,2,0
Entando Component Manager,org.entando.kubernetes.exception.job,JobCorruptedException,25,0,0,0,11,0,6,0,6,0
Entando Component Manager,org.entando.kubernetes.exception.job,JobPackageException,57,0,0,0,14,0,5,0,5,0
Entando Component Manager,org.entando.kubernetes.model.entandocore,EntandoCorePageTemplateConfiguration,0,13,0,0,0,5,0,1,0,1
Entando Component Manager,org.entando.kubernetes.model.entandocore,EntandoCorePageTemplate,0,26,0,0,0,7,0,1,0,1
Entando Component Manager,org.entando.kubernetes.model.entandocore,EntandoCoreFolder,9,0,0,0,4,0,1,0,1,0
Entando Component Manager,org.entando.kubernetes.model.entandocore,EntandoCoreLanguage,0,18,0,0,0,6,0,2,0,2
Entando Component Manager,org.entando.kubernetes.model.entandocore,EntandoCoreFragment,0,11,0,0,0,4,0,1,0,1
Entando Component Manager,org.entando.kubernetes.model.entandocore,EntandoCoreFrame,0,35,0,2,0,9,0,2,0,1
Entando Component Manager,org.entando.kubernetes.model.entandocore,EntandoCoreComponentUsage.NoUsageComponent,14,6,0,0,4,2,2,1,2,1
Entando Component Manager,org.entando.kubernetes.model.entandocore,EntandoCoreFrameDefaultWidget,0,7,0,0,0,3,0,1,0,1
Entando Component Manager,org.entando.kubernetes.model.entandocore,EntandoCorePage,0,65,0,2,0,13,0,3,0,2
Entando Component Manager,org.entando.kubernetes.model.entandocore,EntandoCorePageWidgetConfiguration,0,11,0,0,0,4,0,1,0,1
Entando Component Manager,org.entando.kubernetes.model.entandocore,EntandoCoreSketchDescriptor,0,19,0,0,0,6,0,1,0,1
Entando Component Manager,org.entando.kubernetes.model.entandocore,EntandoCoreContentModel,0,19,0,0,0,6,0,1,0,1
Entando Component Manager,org.entando.kubernetes.model.entandocore,EntandoCoreComponentUsage.IrrelevantComponentUsage,0,5,0,0,0,2,0,1,0,1
Entando Component Manager,org.entando.kubernetes.model.entandocore,EntandoCoreWidget,0,47,0,2,0,11,0,2,0,1
Entando Component Manager,org.entando.kubernetes.controller.digitalexchange.component,EntandoBundleResourceController,0,50,0,2,0,10,0,5,0,4
Entando Component Manager,org.entando.kubernetes.model.bundle.reader,BundleReader,3,235,0,4,2,42,0,20,0,18
Entando Component Manager,org.entando.kubernetes.exception,UnsetEnvVarsException,11,0,0,0,5,0,3,0,3,0
Entando Component Manager,org.entando.kubernetes.exception,EntandoGeneralSignatureException,23,0,0,0,10,0,5,0,5,0
Entando Component Manager,org.entando.kubernetes.exception,EntandoGeneralException,23,0,0,0,10,0,5,0,5,0
Entando Component Manager,org.entando.kubernetes.exception,EntandoComponentManagerException,11,12,0,0,4,6,2,3,2,3
