GROUP,PACKAGE,CLASS,INSTRUCTION_MISSED,INSTRUCTION_COVERED,BRANCH_MISSED,BRANCH_COVERED,LINE_MISSED,LINE_COVERED,COMPLEXITY_MISSED,COMPLEXITY_COVERED,METHOD_MISSED,METHOD_COVERED
Entando K8S Controller for Entando App Deployments,org.entando.kubernetes.controller.app,JbossDatasourceValidation,4,82,2,2,2,14,2,6,0,5
Entando K8S Controller for Entando App Deployments,org.entando.kubernetes.controller.app,EntandoDatabaseConsumingContainer.EntandoAppDatabasePopulator,0,30,0,0,0,7,0,4,0,4
Entando K8S Controller for Entando App Deployments,org.entando.kubernetes.controller.app,AppBuilderDeployableContainer,0,43,0,0,0,13,0,10,0,10
Entando K8S Controller for Entando App Deployments,org.entando.kubernetes.controller.app,EntandoAppDeployableContainer,0,238,0,2,0,34,0,18,0,17
Entando K8S Controller for Entando App Deployments,org.entando.kubernetes.controller.app,EntandoAppDeploymentResult,0,6,0,0,0,2,0,1,0,1
Entando K8S Controller for Entando App Deployments,org.entando.kubernetes.controller.app,EntandoAppServerDeployable,0,135,1,5,0,21,1,17,0,15
Entando K8S Controller for Entando App Deployments,org.entando.kubernetes.controller.app,EntandoAppController,11,82,1,1,5,18,3,6,2,6
Entando K8S Controller for Entando App Deployments,org.entando.kubernetes.controller.app,EntandoDatabaseConsumingContainer,0,190,0,2,0,26,0,9,0,8
Entando K8S Controller for Entando App Deployments,org.entando.kubernetes.controller.app,ComponentManagerDeployableContainer,0,309,0,2,0,49,0,24,0,23
