
Showing logs for build [32mentando-app-builder-pr-867-pr-b-9kgzs-1[0m stage [32mfrom-build-pack[0m and container [32mstep-credential-initializer-dvdxf[0m
{"level":"warn","ts":1602849846.8425548,"logger":"fallback-logger","caller":"logging/config.go:69","msg":"Fetch GitHub commit ID from kodata failed: \"ref: refs/heads/0.8.0-**-support-backwards-incompats\" is not a valid GitHub commit ID"}
{"level":"info","ts":1602849846.8479562,"logger":"fallback-logger","caller":"creds-init/main.go:40","msg":"Credentials initialized."}

Showing logs for build [32mentando-app-builder-pr-867-pr-b-9kgzs-1[0m stage [32mfrom-build-pack[0m and container [32mstep-working-dir-initializer-bxld8[0m
{"level":"warn","ts":1602849849.1027644,"logger":"fallback-logger","caller":"logging/config.go:69","msg":"Fetch GitHub commit ID from kodata failed: open /var/run/ko/HEAD: no such file or directory"}
{"level":"info","ts":1602849849.1142788,"logger":"fallback-logger","caller":"bash/main.go:64","msg":"Successfully e**cuted command \"sh -c mkdir -p /workspace/source\"; output "}

Showing logs for build [32mentando-app-builder-pr-867-pr-b-9kgzs-1[0m stage [32mfrom-build-pack[0m and container [32mstep-place-tools[0m

Showing logs for build [32mentando-app-builder-pr-867-pr-b-9kgzs-1[0m stage [32mfrom-build-pack[0m and container [32mstep-git-source-entando-app-builder-pr-867-pr-b-vkvp9[0m
{"level":"warn","ts":1602849908.9254801,"logger":"fallback-logger","caller":"logging/config.go:69","msg":"Fetch GitHub commit ID from kodata failed: \"ref: refs/heads/0.8.0-**-support-backwards-incompats\" is not a valid GitHub commit ID"}
{"level":"info","ts":1602849916.4686518,"logger":"fallback-logger","caller":"git/git.go:103","msg":"Successfully cloned https://github.com/entando/app-builder.git @ master in path /workspace/source"}

Showing logs for build [32mentando-app-builder-pr-867-pr-b-9kgzs-1[0m stage [32mfrom-build-pack[0m and container [32mstep-git-merge[0m
Using SHAs from PULL_REFS=master:14c736561d83fd884525add1f7ed665f143c4030,867:90d77c8f0859ad1ae14bec3a1d5930343684b2b7
DEBUG: ran git fetch --unshallow origin 90d77c8f0859ad1ae14bec3a1d5930343684b2b7: 14c736561d83fd884525add1f7ed665f143c4030: in 
DEBUG: ran git checkout master in 
DEBUG: ran git reset --hard 14c736561d83fd884525add1f7ed665f143c4030 in 
DEBUG: ran clean --force -d . in 
DEBUG: ran git merge 90d77c8f0859ad1ae14bec3a1d5930343684b2b7 in 
Merged SHA 90d77c8f0859ad1ae14bec3a1d5930343684b2b7 with commit message 'ENG-1276 tests updated' into base branch master
Merged SHA 3410aa5d5e7d1fdc0292cf0e3bfb739ce4d25336 with commit message 'Merge branch 'master' of https://github.com/entando/app-builder into ENG-1276_new_widgetlist_ux + remove unused css vars' into base branch master
Merged SHA 8f70f485c67ca76cb33c9c86eed64cea859458b4 with commit message 'ENG-1276 complete applied new styles on widget list + page tree, bottom options default widget button reveal, remove view list option reducer' into base branch master
Merged SHA 02c5ce1ba1fc72f2ecdb91ffe610c59b4eb6b88f with commit message 'ENG-1276 progress' into base branch master

Showing logs for build [32mentando-app-builder-pr-867-pr-b-9kgzs-1[0m stage [32mfrom-build-pack[0m and container [32mstep-build-npm-install[0m

> husky@1.3.1 install /workspace/source/node_modules/husky
> node husky install

husky > setting up git hooks
CI detected, skipping Git hooks installation.

> node-sass@4.13.1 install /workspace/source/node_modules/node-sass
> node scripts/install.js

Downloading binary from https://github.com/sass/node-sass/releases/download/v4.13.1/linux-x64-72_binding.node
Download complete
Binary saved to /workspace/source/node_modules/node-sass/vendor/linux-x64-72/binding.node
Caching binary to /builder/home/.npm/node-sass/4.13.1/linux-x64-72_binding.node

> core-js@2.6.9 postinstall /workspace/source/node_modules/core-js
> node scripts/postinstall || echo "ignore"

[96mThank you for using core-js ([94m https://github.com/zloirock/core-js [96m) for polyfilling JavaScript standard library![0m

[96mThe project needs your help! Please consider supporting of core-js on Open Collective or Patreon: [0m
[96m>[94m https://opencollective.com/core-js [0m
[96m>[94m https://www.patreon.com/zloirock [0m

[96mAlso, the author of core-js ([94m https://github.com/zloirock [96m) is looking for a good job -)[0m


> core-js-pure@3.6.5 postinstall /workspace/source/node_modules/core-js-pure
> node -e "try{require('./postinstall')}catch(e){}"


> ejs@2.7.4 postinstall /workspace/source/node_modules/ejs
> node ./postinstall.js

Thank you for installing [35mEJS[0m: built with the [32mJake[0m JavaScript build tool ([32mhttps://jakejs.com/[0m)


> node-sass@4.13.1 postinstall /workspace/source/node_modules/node-sass
> node scripts/build.js

Binary found at /workspace/source/node_modules/node-sass/vendor/linux-x64-72/binding.node
Testing binary
Binary is fine

> styled-components@4.4.1 postinstall /workspace/source/node_modules/styled-components
> node ./scripts/postinstall.js || exit 0

Use styled-components at work? Consider supporting our development efforts at https://opencollective.com/styled-components
npm WARN The package whatwg-fetch is included as both a dev and production dependency.
npm WARN optional SKIPPING OPTIONAL DEPENDENCY: fsevents@1.2.9 (node_modules/fsevents):
npm WARN notsup SKIPPING OPTIONAL DEPENDENCY: Unsupported platform for fsevents@1.2.9: wanted {"os":"darwin","arch":"any"} (current: {"os":"linux","arch":"x64"})

added 2158 packages from 1797 contributors and audited 2163 packages in 70.117s

3 packages are looking for funding
  run `npm fund` for details

found 969 vulnerabilities (895 low, 64 moderate, 10 high)
  run `npm audit fix` to fix them, or `npm audit` for details

Showing logs for build [32mentando-app-builder-pr-867-pr-b-9kgzs-1[0m stage [32mfrom-build-pack[0m and container [32mstep-build-npm-test[0m

> app-builder@6.2.0 precommit /workspace/source
> npm run lint && npm run sass-lint && npm run coverage


> app-builder@6.2.0 lint /workspace/source
> eslint ./src


> app-builder@6.2.0 sass-lint /workspace/source
> sass-lint -v


sass/dashboard/PageStatus.scss
   9:5  warning  Expected `margin-bottom`, found `font-size`    property-sort-order
  10:5  warning  Expected `font-size`, found `font-weight`      property-sort-order
  11:5  warning  Expected `font-weight`, found `margin-bottom`  property-sort-order

sass/internal-page/InternalPage.scss
  89:5  warning  Expected `padding-top`, found `background`      property-sort-order
  90:5  warning  Expected `padding-bottom`, found `padding-top`  property-sort-order
  91:5  warning  Expected `background`, found `padding-bottom`   property-sort-order

sass/pages/config/PageConfigPage.scss
  126:4  error  valid BEM selectors:
  BlockName,
  BlockName__element-name,
  BlockName--modifier-name,
  BlockName__element-name--modifier-name
  class-name-format
  126:4  error  Selector '.PageConfigPage__side-widget--collapsed__panel-body' should have 1 or fewer BEM elements, but 2 were found                bem-depth
  130:4  error  valid BEM selectors:
  BlockName,
  BlockName__element-name,
  BlockName--modifier-name,
  BlockName__element-name--modifier-name
  class-name-format
  130:4  error  Selector '.PageConfigPage__side-widget--collapsed__block-ui' should have 1 or fewer BEM elements, but 2 were found                  bem-depth
  140:4  error  valid BEM selectors:
  BlockName,
  BlockName__element-name,
  BlockName--modifier-name,
  BlockName__element-name--modifier-name
  class-name-format
  140:4  error  Selector '.PageConfigPage__side-widget--collapsed__readonly-warning' should have 1 or fewer BEM elements, but 2 were found          bem-depth
  146:4  error  valid BEM selectors:
  BlockName,
  BlockName__element-name,
  BlockName--modifier-name,
  BlockName__element-name--modifier-name
  class-name-format
  146:4  error  Selector '.PageConfigPage__side-widget--collapsed__ok-button' should have 1 or fewer BEM elements, but 2 were found                 bem-depth

sass/users/common/UserForm.scss
  12:3   warning  Values for properties of type 'background-color' may only be variables  variable-for-property
  12:21  warning  Color 'white' should be written in its hexadecimal form #ffffff         no-color-keywords

sass/widgets/config/forms/NavigationBarConfigForm.scss
  46:7  warning  Expected `border-color`, found `background-color`  property-sort-order
  47:7  warning  Expected `background-color`, found `border-color`  property-sort-order

âœ– 18 problems (8 errors, 10 warnings)


/workspace/source/node_modules/sass-lint/index.js:313
    throw new exceptions.SassLintFailureError(errorCount.count + ' errors were detected in \n- ' + errorCount.files.join('\n- '));
    ^
SassLintFailureError: 8 errors were detected in 
- sass/pages/config/PageConfigPage.scss
    at Function.sassLint.failOnError (/workspace/source/node_modules/sass-lint/index.js:313:11)
    at detectPattern (/workspace/source/node_modules/sass-lint/bin/sass-lint.js:31:10)
    at Object.<anonymous> (/workspace/source/node_modules/sass-lint/bin/sass-lint.js:79:3)
    at Module._compile (internal/modules/cjs/loader.js:955:30)
    at Object.Module._extensions..js (internal/modules/cjs/loader.js:991:10)
    at Module.load (internal/modules/cjs/loader.js:811:32)
    at Function.Module._load (internal/modules/cjs/loader.js:723:14)
    at Function.Module.runMain (internal/modules/cjs/loader.js:1043:10)
    at internal/main/run_main_module.js:17:11 {
  name: 'SassLintFailureError',
  message: '8 errors were detected in \n- sass/pages/config/PageConfigPage.scss'
}
npm ERR! code ELIFECYCLE
npm ERR! errno 1
npm ERR! app-builder@6.2.0 sass-lint: `sass-lint -v`
npm ERR! Exit status 1
npm ERR! 
npm ERR! Failed at the app-builder@6.2.0 sass-lint script.
npm ERR! This is probably not a problem with npm. There is likely additional logging output above.

npm ERR! A complete log of this run can be found in:
npm ERR!     /builder/home/.npm/_logs/2020-10-16T12_07_29_660Z-debug.log
npm ERR! code ELIFECYCLE
npm ERR! errno 1
npm ERR! app-builder@6.2.0 precommit: `npm run lint && npm run sass-lint && npm run coverage`
npm ERR! Exit status 1
npm ERR! 
npm ERR! Failed at the app-builder@6.2.0 precommit script.
npm ERR! This is probably not a problem with npm. There is likely additional logging output above.

npm ERR! A complete log of this run can be found in:
npm ERR!     /builder/home/.npm/_logs/2020-10-16T12_07_29_691Z-debug.log
[31m
Pipeline failed on stage 'from-build-pack' : container 'step-build-npm-test'. The execution of the pipeline has stopped.[0m
