
Showing logs for build [32mentando-app-builder-pr-867-pr-b-mfxvg-4[0m stage [32mfrom-build-pack[0m and container [32mstep-credential-initializer-gr6qr[0m
{"level":"warn","ts":1602859436.9444778,"logger":"fallback-logger","caller":"logging/config.go:69","msg":"Fetch GitHub commit ID from kodata failed: \"ref: refs/heads/0.8.0-**-support-backwards-incompats\" is not a valid GitHub commit ID"}
{"level":"info","ts":1602859436.9535263,"logger":"fallback-logger","caller":"creds-init/main.go:40","msg":"Credentials initialized."}

Showing logs for build [32mentando-app-builder-pr-867-pr-b-mfxvg-4[0m stage [32mfrom-build-pack[0m and container [32mstep-working-dir-initializer-6mj6j[0m
{"level":"warn","ts":1602859438.2681973,"logger":"fallback-logger","caller":"logging/config.go:69","msg":"Fetch GitHub commit ID from kodata failed: open /var/run/ko/HEAD: no such file or directory"}
{"level":"info","ts":1602859438.279626,"logger":"fallback-logger","caller":"bash/main.go:64","msg":"Successfully e**cuted command \"sh -c mkdir -p /workspace/source\"; output "}

Showing logs for build [32mentando-app-builder-pr-867-pr-b-mfxvg-4[0m stage [32mfrom-build-pack[0m and container [32mstep-place-tools[0m

Showing logs for build [32mentando-app-builder-pr-867-pr-b-mfxvg-4[0m stage [32mfrom-build-pack[0m and container [32mstep-git-source-entando-app-builder-pr-867-pr-b-ctb78[0m
{"level":"warn","ts":1602859452.204176,"logger":"fallback-logger","caller":"logging/config.go:69","msg":"Fetch GitHub commit ID from kodata failed: \"ref: refs/heads/0.8.0-**-support-backwards-incompats\" is not a valid GitHub commit ID"}
{"level":"info","ts":1602859455.2120903,"logger":"fallback-logger","caller":"git/git.go:103","msg":"Successfully cloned https://github.com/entando/app-builder.git @ master in path /workspace/source"}

Showing logs for build [32mentando-app-builder-pr-867-pr-b-mfxvg-4[0m stage [32mfrom-build-pack[0m and container [32mstep-git-merge[0m
Using SHAs from PULL_REFS=master:5253ff7fae21edcf8e79c795b6ea3ca6f14eaa0b,867:abb20c7bcef0d44c18b208944c949436e973ca97
DEBUG: ran git fetch --unshallow origin abb20c7bcef0d44c18b208944c949436e973ca97: 5253ff7fae21edcf8e79c795b6ea3ca6f14eaa0b: in 
DEBUG: ran git checkout master in 
DEBUG: ran git reset --hard 5253ff7fae21edcf8e79c795b6ea3ca6f14eaa0b in 
DEBUG: ran clean --force -d . in 
DEBUG: ran git merge abb20c7bcef0d44c18b208944c949436e973ca97 in 
Merged SHA 8ea6120b3705ed04ef8ee00b82ba0208ff7a83ca with commit message 'Merge commit 'abb20c7bcef0d44c18b208944c949436e973ca97'' into base branch master
Merged SHA abb20c7bcef0d44c18b208944c949436e973ca97 with commit message 'ENG-1276 amend newspaper icon' into base branch master
Merged SHA 88550e148e5cb7b9330feb57008feaef376b5ed9 with commit message 'ENG-1276 some font awesome icons workaround' into base branch master
Merged SHA b17868cc50bbb015a36535592598edfa7ca53b86 with commit message 'ENG-1276 sass lints' into base branch master
Merged SHA 90d77c8f0859ad1ae14bec3a1d5930343684b2b7 with commit message 'ENG-1276 tests updated' into base branch master
Merged SHA 3410aa5d5e7d1fdc0292cf0e3bfb739ce4d25336 with commit message 'Merge branch 'master' of https://github.com/entando/app-builder into ENG-1276_new_widgetlist_ux + remove unused css vars' into base branch master
Merged SHA 8f70f485c67ca76cb33c9c86eed64cea859458b4 with commit message 'ENG-1276 complete applied new styles on widget list + page tree, bottom options default widget button reveal, remove view list option reducer' into base branch master
Merged SHA 02c5ce1ba1fc72f2ecdb91ffe610c59b4eb6b88f with commit message 'ENG-1276 progress' into base branch master

Showing logs for build [32mentando-app-builder-pr-867-pr-b-mfxvg-4[0m stage [32mfrom-build-pack[0m and container [32mstep-build-npm-install[0m

> husky@1.3.1 install /workspace/source/node_modules/husky
> node husky install

husky > setting up git hooks
CI detected, skipping Git hooks installation.

> node-sass@4.13.1 install /workspace/source/node_modules/node-sass
> node scripts/install.js

Downloading binary from https://github.com/sass/node-sass/releases/download/v4.13.1/linux-x64-72_binding.node
Download complete
Binary saved to /workspace/source/node_modules/node-sass/vendor/linux-x64-72/binding.node
Caching binary to /builder/home/.npm/node-sass/4.13.1/linux-x64-72_binding.node

> core-js@2.6.9 postinstall /workspace/source/node_modules/core-js
> node scripts/postinstall || echo "ignore"

[96mThank you for using core-js ([94m https://github.com/zloirock/core-js [96m) for polyfilling JavaScript standard library![0m

[96mThe project needs your help! Please consider supporting of core-js on Open Collective or Patreon: [0m
[96m>[94m https://opencollective.com/core-js [0m
[96m>[94m https://www.patreon.com/zloirock [0m

[96mAlso, the author of core-js ([94m https://github.com/zloirock [96m) is looking for a good job -)[0m


> core-js-pure@3.6.5 postinstall /workspace/source/node_modules/core-js-pure
> node -e "try{require('./postinstall')}catch(e){}"


> ejs@2.7.4 postinstall /workspace/source/node_modules/ejs
> node ./postinstall.js

Thank you for installing [35mEJS[0m: built with the [32mJake[0m JavaScript build tool ([32mhttps://jakejs.com/[0m)


> node-sass@4.13.1 postinstall /workspace/source/node_modules/node-sass
> node scripts/build.js

Binary found at /workspace/source/node_modules/node-sass/vendor/linux-x64-72/binding.node
Testing binary
Binary is fine

> styled-components@4.4.1 postinstall /workspace/source/node_modules/styled-components
> node ./scripts/postinstall.js || exit 0

Use styled-components at work? Consider supporting our development efforts at https://opencollective.com/styled-components
npm WARN The package whatwg-fetch is included as both a dev and production dependency.
npm WARN optional SKIPPING OPTIONAL DEPENDENCY: fsevents@1.2.9 (node_modules/fsevents):
npm WARN notsup SKIPPING OPTIONAL DEPENDENCY: Unsupported platform for fsevents@1.2.9: wanted {"os":"darwin","arch":"any"} (current: {"os":"linux","arch":"x64"})

added 2158 packages from 1797 contributors and audited 2163 packages in 62.866s

3 packages are looking for funding
  run `npm fund` for details

found 969 vulnerabilities (895 low, 64 moderate, 10 high)
  run `npm audit fix` to fix them, or `npm audit` for details

Showing logs for build [32mentando-app-builder-pr-867-pr-b-mfxvg-4[0m stage [32mfrom-build-pack[0m and container [32mstep-build-npm-test[0m

> app-builder@6.2.0 precommit /workspace/source
> npm run lint && npm run sass-lint && npm run coverage


> app-builder@6.2.0 lint /workspace/source
> eslint ./src


/workspace/source/src/ui/pages/config/ContentWidgetElementIcon.js
  64:10  error  Missing semicolon  semi

âœ– 1 problem (1 error, 0 warnings)
  1 error, 0 warnings potentially fixable with the `--fix` option.

npm ERR! code ELIFECYCLE
npm ERR! errno 1
npm ERR! app-builder@6.2.0 lint: `eslint ./src`
npm ERR! Exit status 1
npm ERR! 
npm ERR! Failed at the app-builder@6.2.0 lint script.
npm ERR! This is probably not a problem with npm. There is likely additional logging output above.

npm ERR! A complete log of this run can be found in:
npm ERR!     /builder/home/.npm/_logs/2020-10-16T14_46_20_860Z-debug.log
npm ERR! code ELIFECYCLE
npm ERR! errno 1
npm ERR! app-builder@6.2.0 precommit: `npm run lint && npm run sass-lint && npm run coverage`
npm ERR! Exit status 1
npm ERR! 
npm ERR! Failed at the app-builder@6.2.0 precommit script.
npm ERR! This is probably not a problem with npm. There is likely additional logging output above.

npm ERR! A complete log of this run can be found in:
npm ERR!     /builder/home/.npm/_logs/2020-10-16T14_46_20_885Z-debug.log
[31m
Pipeline failed on stage 'from-build-pack' : container 'step-build-npm-test'. The execution of the pipeline has stopped.[0m
