
Showing logs for build [32mentando-entando-plugin-jacms-pr-zwnl4-1[0m stage [32mfrom-build-pack[0m and container [32mstep-credential-initializer-b68n7[0m
{"level":"warn","ts":1603305916.9538352,"logger":"fallback-logger","caller":"logging/config.go:69","msg":"Fetch GitHub commit ID from kodata failed: \"ref: refs/heads/0.8.0-**-support-backwards-incompats\" is not a valid GitHub commit ID"}
{"level":"info","ts":1603305916.9597955,"logger":"fallback-logger","caller":"creds-init/main.go:40","msg":"Credentials initialized."}

Showing logs for build [32mentando-entando-plugin-jacms-pr-zwnl4-1[0m stage [32mfrom-build-pack[0m and container [32mstep-working-dir-initializer-sqt24[0m
{"level":"warn","ts":1603305921.0640857,"logger":"fallback-logger","caller":"logging/config.go:69","msg":"Fetch GitHub commit ID from kodata failed: open /var/run/ko/HEAD: no such file or directory"}
{"level":"info","ts":1603305921.0757463,"logger":"fallback-logger","caller":"bash/main.go:64","msg":"Successfully e**cuted command \"sh -c mkdir -p /workspace/source\"; output "}

Showing logs for build [32mentando-entando-plugin-jacms-pr-zwnl4-1[0m stage [32mfrom-build-pack[0m and container [32mstep-place-tools[0m

Showing logs for build [32mentando-entando-plugin-jacms-pr-zwnl4-1[0m stage [32mfrom-build-pack[0m and container [32mstep-git-source-entando-entando-plugin-jacms-pr-9zqvn[0m
{"level":"warn","ts":1603306217.9208202,"logger":"fallback-logger","caller":"logging/config.go:69","msg":"Fetch GitHub commit ID from kodata failed: \"ref: refs/heads/0.8.0-**-support-backwards-incompats\" is not a valid GitHub commit ID"}
{"level":"info","ts":1603306220.246699,"logger":"fallback-logger","caller":"git/git.go:103","msg":"Successfully cloned https://github.com/entando/entando-plugin-jacms.git @ master in path /workspace/source"}

Showing logs for build [32mentando-entando-plugin-jacms-pr-zwnl4-1[0m stage [32mfrom-build-pack[0m and container [32mstep-git-merge[0m
Using SHAs from PULL_REFS=master:3609b0d16129323b9559d2803f035e4fdcf17775,45:b510db5e5abd58c903000166f3d9b440987a290a
DEBUG: ran git fetch --unshallow origin b510db5e5abd58c903000166f3d9b440987a290a: 3609b0d16129323b9559d2803f035e4fdcf17775: in 
DEBUG: ran git checkout master in 
DEBUG: ran git reset --hard 3609b0d16129323b9559d2803f035e4fdcf17775 in 
DEBUG: ran clean --force -d . in 
DEBUG: ran git merge b510db5e5abd58c903000166f3d9b440987a290a in 
Merged SHA b510db5e5abd58c903000166f3d9b440987a290a with commit message 'ENG-1395 added support for creating assets using code and to create contents referencing assets using same code;' into base branch master

Showing logs for build [32mentando-entando-plugin-jacms-pr-zwnl4-1[0m stage [32mfrom-build-pack[0m and container [32mstep-build-set-version[0m
Picked up _JAVA_OPTIONS: -XX:+UnlockExperimentalVMOptions -Dsun.zip.disableMemoryMapping=true -XX:+UseParallelGC -XX:MinHeapFreeRatio=5 -XX:MaxHeapFreeRatio=10 -XX:GCTimeRatio=4 -XX:AdaptiveSizePolicyWeight=90 -Xms10m -Xmx8000m
[INFO] Scanning for projects...
[ERROR] [ERROR] Some problems were encountered while processing the POMs:
[ERROR] Non-resolvable import POM: Could not find artifact org.entando:entando-core-bom:pom:6.2.0-SNAPSHOT in nexus (http://nexus/repository/maven-group/) @ line 94, column 25
[ERROR] 'dependencies.dependency.version' for org.entando.entando:entando-portal-ui:jar:classes is missing. @ line 187, column 21
[ERROR] 'dependencies.dependency.version' for org.entando.entando:entando-engine:test-jar is missing. @ line 276, column 21
[ERROR] 'dependencies.dependency.version' for org.entando.entando:entando-*****-console:test-jar is missing. @ line 281, column 21
[ERROR] 'dependencies.dependency.version' for org.entando.entando:entando-portal-ui:test-jar is missing. @ line 286, column 21
 @ 
[ERROR] The build could not read 1 project -> [Help 1]
[ERROR]   
[ERROR]   The project org.entando.entando.plugins:entando-plugin-jacms:6.2.0-SNAPSHOT (/workspace/source/pom.xml) has 5 errors
[ERROR]     Non-resolvable import POM: Could not find artifact org.entando:entando-core-bom:pom:6.2.0-SNAPSHOT in nexus (http://nexus/repository/maven-group/) @ line 94, column 25 -> [Help 2]
[ERROR]     'dependencies.dependency.version' for org.entando.entando:entando-portal-ui:jar:classes is missing. @ line 187, column 21
[ERROR]     'dependencies.dependency.version' for org.entando.entando:entando-engine:test-jar is missing. @ line 276, column 21
[ERROR]     'dependencies.dependency.version' for org.entando.entando:entando-*****-console:test-jar is missing. @ line 281, column 21
[ERROR]     'dependencies.dependency.version' for org.entando.entando:entando-portal-ui:test-jar is missing. @ line 286, column 21
[ERROR] 
[ERROR] To see the full stack trace of the errors, re-run Maven with the -e switch.
[ERROR] Re-run Maven using the -X switch to enable full debug logging.
[ERROR] 
[ERROR] For more information about the errors and possible solutions, please read the following articles:
[ERROR] [Help 1] http://cwiki.apache.org/confluence/display/MAVEN/ProjectBuildingException
[ERROR] [Help 2] http://cwiki.apache.org/confluence/display/MAVEN/UnresolvableModelException
[31m
Pipeline failed on stage 'from-build-pack' : container 'step-build-set-version'. The execution of the pipeline has stopped.[0m
