GROUP,PACKAGE,CLASS,INSTRUCTION_MISSED,INSTRUCTION_COVERED,BRANCH_MISSED,BRANCH_COVERED,LINE_MISSED,LINE_COVERED,COMPLEXITY_MISSED,COMPLEXITY_COVERED,METHOD_MISSED,METHOD_COVERED
Entando Plugin: CMS,org.entando.entando.plugins.jacms.apsadmin.content.bulk,ContentBulkAction,162,0,6,0,43,0,28,0,25,0
Entando Plugin: CMS,org.entando.entando.plugins.jacms.apsadmin.content.bulk,ContentCategoryBulkAction,283,0,22,0,84,0,43,0,32,0
Entando Plugin: CMS,org.entando.entando.plugins.jacms.apsadmin.content.bulk,ContentGroupBulkAction,231,0,12,0,72,0,37,0,31,0
Entando Plugin: CMS,com.agiletec.plugins.jacms.apsadmin.content.attribute.manager.util,SymbolicLinkErrorMessenger,232,0,41,0,59,0,32,0,10,0
Entando Plugin: CMS,com.agiletec.plugins.jacms.aps.system.services.resource.parse,ImageDimensionDOM,143,0,12,0,40,0,10,0,4,0
Entando Plugin: CMS,com.agiletec.plugins.jacms.aps.system.services.resource.parse,ResourceDOM,207,0,8,0,49,0,18,0,14,0
Entando Plugin: CMS,com.agiletec.plugins.jacms.aps.system.services.resource.parse,ResourceHandler,380,0,52,0,99,0,46,0,20,0
Entando Plugin: CMS,com.agiletec.plugins.jacms.aps.system.services.renderer,BaseContentRenderer,149,0,8,0,40,0,12,0,8,0
Entando Plugin: CMS,com.agiletec.plugins.jacms.aps.system.services.renderer,ContentWrapper,166,0,14,0,42,0,22,0,15,0
Entando Plugin: CMS,com.agiletec.plugins.jacms.aps.system.services.renderer,SystemInfoWrapper,154,0,6,0,48,0,14,0,11,0
Entando Plugin: CMS,org.entando.entando.plugins.jacms.apsadmin.content.executor,PreviewWidgetExecutorAspect,147,0,26,0,32,0,16,0,3,0
Entando Plugin: CMS,org.entando.entando.plugins.jacms.aps.system.services.resource,ResourcesService,1689,0,138,0,382,0,130,0,58,0
Entando Plugin: CMS,org.entando.entando.plugins.jacms.web.contentmodel.validator,ContentModelReferencesValidator,10,0,0,0,4,0,4,0,4,0
Entando Plugin: CMS,org.entando.entando.plugins.jacms.web.contentmodel.validator,ContentModelUsageDetailsValidator,10,0,0,0,4,0,4,0,4,0
Entando Plugin: CMS,org.entando.entando.plugins.jacms.web.contentmodel.validator,ContentModelValidator,22,12,1,1,3,4,3,3,2,3
Entando Plugin: CMS,com.agiletec.plugins.jacms.apsadmin.tags,ContentInfoTag,217,0,12,0,48,0,19,0,13,0
Entando Plugin: CMS,com.agiletec.plugins.jacms.apsadmin.tags,ContentTypeInfoTag,67,0,4,0,14,0,6,0,4,0
Entando Plugin: CMS,com.agiletec.plugins.jacms.apsadmin.tags,ResourceInfoTag,44,0,0,0,10,0,4,0,4,0
Entando Plugin: CMS,org.entando.entando.plugins.jacms.web.resource.model,FileAssetDto,154,0,24,0,9,0,22,0,10,0
Entando Plugin: CMS,org.entando.entando.plugins.jacms.web.resource.model,ImageAssetDto,163,0,24,0,10,0,23,0,11,0
Entando Plugin: CMS,org.entando.entando.plugins.jacms.web.resource.model,ImageMetadataDto.ImageMetadataDtoBuilder,50,0,0,0,1,0,6,0,6,0
Entando Plugin: CMS,org.entando.entando.plugins.jacms.web.resource.model,AssetDto,549,0,94,0,14,0,75,0,28,0
Entando Plugin: CMS,org.entando.entando.plugins.jacms.web.resource.model,ListAssetsFolderResponse,181,0,30,0,6,0,27,0,12,0
Entando Plugin: CMS,org.entando.entando.plugins.jacms.web.resource.model,ImageAssetDto.ImageAssetDtoBuilder,276,0,22,0,1,0,31,0,19,0
Entando Plugin: CMS,org.entando.entando.plugins.jacms.web.resource.model,FileAssetDto.FileAssetDtoBuilder,217,0,11,0,1,0,23,0,17,0
Entando Plugin: CMS,org.entando.entando.plugins.jacms.web.resource.model,ImageMetadataDto,182,0,30,0,5,0,27,0,12,0
Entando Plugin: CMS,com.agiletec.plugins.jacms.aps.system.services.content.model,Content,149,123,7,1,50,35,26,12,22,12
Entando Plugin: CMS,com.agiletec.plugins.jacms.aps.system.services.content.model,SmallContentType,7,3,0,0,3,1,2,1,2,1
Entando Plugin: CMS,com.agiletec.plugins.jacms.aps.system.services.content.model,ContentRecordVO,108,0,0,0,46,0,31,0,31,0
Entando Plugin: CMS,com.agiletec.plugins.jacms.aps.system.services.content.model,SymbolicLink,286,0,32,0,75,0,33,0,15,0
Entando Plugin: CMS,com.agiletec.plugins.jacms.aps.system.services.content.model,ContentCategoryReferenceDto,56,0,2,0,21,0,11,0,10,0
Entando Plugin: CMS,com.agiletec.plugins.jacms.aps.system.services.content.model,CmsAttributeReference,21,0,0,0,8,0,4,0,4,0
Entando Plugin: CMS,com.agiletec.plugins.jacms.aps.system.services.content.model,ContentDto,320,103,28,0,86,40,38,15,22,15
Entando Plugin: CMS,com.agiletec.plugins.jacms.aps.servlet,ResourceWardenServlet,3,0,0,0,1,0,1,0,1,0
Entando Plugin: CMS,org.entando.entando.plugins.jacms.aps.system.init.portdb,ContentAttributeRole,13,31,1,1,2,6,1,2,0,2
Entando Plugin: CMS,org.entando.entando.plugins.jacms.aps.system.init.portdb,WorkContentRelation,22,35,1,1,2,6,1,2,0,2
Entando Plugin: CMS,org.entando.entando.plugins.jacms.aps.system.init.portdb,ContentRelation,46,125,1,1,5,9,1,2,0,2
Entando Plugin: CMS,org.entando.entando.plugins.jacms.aps.system.init.portdb,Content,0,3,0,0,0,1,0,1,0,1
Entando Plugin: CMS,org.entando.entando.plugins.jacms.aps.system.init.portdb,Resource,0,3,0,0,0,1,0,1,0,1
Entando Plugin: CMS,org.entando.entando.plugins.jacms.aps.system.init.portdb,ResourceRelation,33,58,1,1,3,7,1,2,0,2
Entando Plugin: CMS,org.entando.entando.plugins.jacms.aps.system.init.portdb,ContentModel,0,3,0,0,0,1,0,1,0,1
Entando Plugin: CMS,org.entando.entando.plugins.jacms.aps.system.init.portdb,ContentSearch,22,35,1,1,2,6,1,2,0,2
Entando Plugin: CMS,org.entando.entando.plugins.jacms.aps.system.init.portdb,WorkContentSearch,13,35,1,1,2,6,1,2,0,2
Entando Plugin: CMS,org.entando.entando.plugins.jacms.aps.system.init.portdb,WorkContentAttributeRole,13,31,1,1,2,6,1,2,0,2
Entando Plugin: CMS,org.entando.entando.plugins.jacms.web.resource,ResourcesController,367,0,28,0,63,0,24,0,10,0
Entando Plugin: CMS,org.entando.entando.plugins.jacms.web.resource.request,UpdateResourceRequest,24,0,0,0,10,0,7,0,7,0
Entando Plugin: CMS,org.entando.entando.plugins.jacms.web.resource.request,ListResourceRequest,94,0,14,0,21,0,16,0,9,0
Entando Plugin: CMS,org.entando.entando.plugins.jacms.web.resource.request,CreateResourceRequest,38,0,0,0,16,0,11,0,11,0
Entando Plugin: CMS,com.agiletec.plugins.jacms.apsadmin.content.attribute.manager,ResourceAttributeManager,135,0,14,0,30,0,13,0,6,0
Entando Plugin: CMS,com.agiletec.plugins.jacms.apsadmin.content.attribute.manager,HypertextAttributeManager,65,0,12,0,17,0,8,0,2,0
Entando Plugin: CMS,com.agiletec.plugins.jacms.apsadmin.content.attribute.manager,LinkAttributeManager,56,0,12,0,17,0,9,0,3,0
Entando Plugin: CMS,com.agiletec.plugins.jacms.apsadmin.content.attribute.action.link,LinkAttributeAction,304,0,16,0,106,0,46,0,35,0
Entando Plugin: CMS,com.agiletec.plugins.jacms.apsadmin.content.attribute.action.link,UrlLinkAction,195,0,12,0,51,0,27,0,21,0
Entando Plugin: CMS,com.agiletec.plugins.jacms.apsadmin.content.attribute.action.link,PageLinkAction,297,0,20,0,80,0,38,0,28,0
Entando Plugin: CMS,com.agiletec.plugins.jacms.apsadmin.content.attribute.action.link,ContentLinkAction,314,0,20,0,85,0,37,0,27,0
Entando Plugin: CMS,org.entando.entando.plugins.jacms.aps.system.services.contentsettings,ContentSettingsService,554,0,26,0,149,0,47,0,34,0
Entando Plugin: CMS,com.agiletec.plugins.jacms.aps.system.services.resource.cache,ResourceManagerCacheWrapper,49,8,0,0,15,2,8,1,8,1
Entando Plugin: CMS,org.entando.entando.plugins.jacms.aps.system.services.widgettype.validators,ContentViewerWidgetValidator,101,0,2,0,26,0,9,0,8,0
Entando Plugin: CMS,org.entando.entando.plugins.jacms.aps.system.services.widgettype.validators,RowContentListConfigurationEntry,103,0,2,0,19,0,11,0,10,0
Entando Plugin: CMS,org.entando.entando.plugins.jacms.aps.system.services.widgettype.validators,ContentListViewerWidgetValidator,191,0,20,0,47,0,22,0,12,0
Entando Plugin: CMS,org.entando.entando.plugins.jacms.aps.system.services.widgettype.validators,WidgetValidatorCmsHelper,377,0,46,0,69,0,33,0,10,0
Entando Plugin: CMS,org.entando.entando.plugins.jacms.aps.system.services.widgettype.validators,AbstractListViewerWidgetValidator,73,0,0,0,18,0,7,0,7,0
Entando Plugin: CMS,org.entando.entando.plugins.jacms.aps.system.services.widgettype.validators,RowContentListViewerWidgetValidator,235,0,18,0,50,0,20,0,11,0
Entando Plugin: CMS,org.entando.entando.plugins.jacms.aps.system.services.widgettype.validators,RowContentListViewerConfigProcessor,43,0,0,0,12,0,4,0,4,0
Entando Plugin: CMS,com.agiletec.plugins.jacms.aps.system.services.content.helper,PublicContentAuthorizationInfo,255,0,34,0,65,0,27,0,10,0
Entando Plugin: CMS,com.agiletec.plugins.jacms.aps.system.services.content.helper,ContentAuthorizationHelper,236,0,26,0,64,0,31,0,18,0
Entando Plugin: CMS,com.agiletec.plugins.jacms.aps.system.services.content.helper,BaseContentListHelper,423,0,58,0,98,0,48,0,19,0
Entando Plugin: CMS,com.agiletec.plugins.jacms.aps.system.services.resource.model,AbstractMonoInstanceResource,124,7,4,0,31,2,11,2,9,2
Entando Plugin: CMS,com.agiletec.plugins.jacms.aps.system.services.resource.model,AbstractResource,562,127,33,1,136,50,54,18,37,18
Entando Plugin: CMS,com.agiletec.plugins.jacms.aps.system.services.resource.model,ResourceRecordVO,80,0,0,0,34,0,23,0,23,0
Entando Plugin: CMS,com.agiletec.plugins.jacms.aps.system.services.resource.model,BaseResourceDataBean,191,0,14,0,64,0,37,0,30,0
Entando Plugin: CMS,com.agiletec.plugins.jacms.aps.system.services.resource.model,AbstractMultiInstanceResource,133,12,10,0,31,4,10,2,5,2
Entando Plugin: CMS,com.agiletec.plugins.jacms.aps.system.services.resource.model,ResourceInstance,111,0,4,0,30,0,15,0,13,0
Entando Plugin: CMS,com.agiletec.plugins.jacms.aps.system.services.resource.model,ResourceCategoryReferenceDto,56,0,2,0,21,0,11,0,10,0
Entando Plugin: CMS,com.agiletec.plugins.jacms.aps.system.services.resource.model,ImageResourceDimension,24,0,0,0,10,0,7,0,7,0
Entando Plugin: CMS,com.agiletec.plugins.jacms.aps.system.services.resource.model,ResourceDto,225,0,8,0,68,0,35,0,31,0
Entando Plugin: CMS,com.agiletec.plugins.jacms.aps.system.services.resource.model,ResourceInstanceDto,73,0,0,0,26,0,12,0,12,0
Entando Plugin: CMS,com.agiletec.plugins.jacms.aps.system.services.resource.model,JaxbMetadataMapping,68,0,4,0,21,0,7,0,5,0
Entando Plugin: CMS,com.agiletec.plugins.jacms.aps.system.services.resource.model,AttachResource,86,7,0,0,22,2,5,2,5,2
Entando Plugin: CMS,com.agiletec.plugins.jacms.aps.system.services.resource.model,JaxbMetadataMapping.MetadataFieldMapping,17,0,0,0,7,0,5,0,5,0
Entando Plugin: CMS,com.agiletec.plugins.jacms.aps.system.services.resource.model,ImageResource,834,7,30,0,179,2,41,2,26,2
Entando Plugin: CMS,org.entando.entando.plugins.jacms.aps.system.services.content.command.common,BaseContentPropertyBulkCommand,8,0,0,0,2,0,2,0,2,0
Entando Plugin: CMS,org.entando.entando.plugins.jacms.aps.system.services.content.command.common,BaseContentBulkCommand,183,0,30,0,47,0,29,0,14,0
Entando Plugin: CMS,org.entando.entando.plugins.jacms.aps.system.services.content.command.common,ContentBulkCommandContext,15,0,0,0,6,0,3,0,3,0
Entando Plugin: CMS,org.entando.entando.plugins.jacms.aps.system.services.content.command.common,ContentPropertyBulkCommandContext,16,0,0,0,6,0,3,0,3,0
Entando Plugin: CMS,com.agiletec.plugins.jacms.apsadmin.content.model,ContentModelFinderAction,62,0,4,0,18,0,12,0,10,0
Entando Plugin: CMS,com.agiletec.plugins.jacms.apsadmin.content.model,ContentModelAction,646,0,50,0,177,0,72,0,47,0
Entando Plugin: CMS,com.agiletec.plugins.jacms.aps.system.services.contentpagemapper,ContentPageMapper,14,21,0,0,4,6,3,3,3,3
Entando Plugin: CMS,com.agiletec.plugins.jacms.aps.system.services.contentpagemapper,ContentPageMapperManager,22,52,2,0,6,18,2,10,1,10
Entando Plugin: CMS,com.agiletec.plugins.jacms.aps.system.services.resource.event,ResourceChangedEvent,17,0,0,0,7,0,5,0,5,0
Entando Plugin: CMS,com.agiletec.plugins.jacms.apsadmin.resource,ResourceAdminAction,29,0,0,0,10,0,4,0,4,0
Entando Plugin: CMS,com.agiletec.plugins.jacms.apsadmin.resource,ResourceAction,887,0,80,0,257,0,99,0,59,0
Entando Plugin: CMS,com.agiletec.plugins.jacms.apsadmin.resource,ResourceFileChunksUploadAction,499,0,34,0,122,0,46,0,29,0
Entando Plugin: CMS,com.agiletec.plugins.jacms.apsadmin.resource,ResourceFileChunksStopUploadAndDeleteAction,116,0,6,0,26,0,10,0,7,0
Entando Plugin: CMS,com.agiletec.plugins.jacms.apsadmin.resource,ResourceFinderAction,546,0,70,0,136,0,71,0,36,0
Entando Plugin: CMS,com.agiletec.plugins.jacms.apsadmin.resource,AbstractResourceAction,47,0,0,0,17,0,13,0,13,0
Entando Plugin: CMS,com.agiletec.plugins.jacms.apsadmin.resource,MultipleResourceAction,1061,0,94,0,242,0,84,0,37,0
Entando Plugin: CMS,org.entando.entando.plugins.jacms.aps.system.services.content.command.group,JoinGroupBulkCommand,63,0,10,0,14,0,8,0,3,0
Entando Plugin: CMS,org.entando.entando.plugins.jacms.aps.system.services.content.command.group,BaseContentGroupBulkCommand,155,0,26,0,47,0,23,0,10,0
Entando Plugin: CMS,org.entando.entando.plugins.jacms.aps.system.services.content.command.group,RemoveGroupBulkCommand,63,0,10,0,14,0,8,0,3,0
Entando Plugin: CMS,com.agiletec.plugins.jacms.aps.system.services.dispenser,BaseContentDispenser,529,0,48,0,114,0,51,0,27,0
Entando Plugin: CMS,com.agiletec.plugins.jacms.aps.system.services.dispenser,ContentRenderizationInfo,155,0,10,0,46,0,22,0,17,0
Entando Plugin: CMS,com.agiletec.plugins.jacms.aps.system.services.content.widget.util,FilterUtils,213,0,10,0,43,0,15,0,10,0
Entando Plugin: CMS,com.agiletec.plugins.jacms.aps.system.services.content.widget.util,EntitySearchFilterDOM,29,0,0,0,7,0,5,0,5,0
Entando Plugin: CMS,org.entando.entando.plugins.jacms.web.contentmodel.model,ContentModelReferenceDTO,0,24,0,0,0,10,0,7,0,7
Entando Plugin: CMS,org.entando.entando.plugins.jacms.aps.system.services.page,CmsPageServiceWrapper,47,0,0,0,14,0,8,0,8,0
Entando Plugin: CMS,org.entando.entando.plugins.jacms.aps.system.services.page,CmsPageManagerWrapper,225,0,38,0,52,0,27,0,8,0
Entando Plugin: CMS,org.entando.entando.plugins.jacms.web.content.validator,RestContentListRequest,12,57,0,0,6,23,3,16,3,16
Entando Plugin: CMS,org.entando.entando.plugins.jacms.web.content.validator,BatchContentStatusRequest,39,0,0,0,9,0,6,0,6,0
Entando Plugin: CMS,org.entando.entando.plugins.jacms.web.content.validator,ContentValidator,33,0,2,0,7,0,4,0,3,0
Entando Plugin: CMS,org.entando.entando.plugins.jacms.web.content.validator,ContentStatusRequest,22,0,0,0,5,0,4,0,4,0
Entando Plugin: CMS,org.entando.entando.plugins.jacms.web.content.validator,ContentTypeValidator,9,0,0,0,4,0,2,0,2,0
Entando Plugin: CMS,com.agiletec.plugins.jacms.aps.system.services.linkresolver,LinkResolverManager,390,0,40,0,109,0,45,0,25,0
Entando Plugin: CMS,org.entando.entando.plugins.jacms.aps.system.services.content.command,RemoveOnlineContentBulkCommand,52,0,6,0,13,0,9,0,6,0
Entando Plugin: CMS,org.entando.entando.plugins.jacms.aps.system.services.content.command,InsertOnlineContentBulkCommand,99,0,18,0,26,0,18,0,9,0
Entando Plugin: CMS,org.entando.entando.plugins.jacms.aps.system.services.content.command,DeleteContentBulkCommand,28,0,2,0,8,0,4,0,3,0
Entando Plugin: CMS,com.agiletec.plugins.jacms.aps.system.services.content.event,PublicContentChangedEvent,7,17,0,0,3,7,2,5,2,5
Entando Plugin: CMS,com.agiletec.plugins.jacms.apsadmin.resource.helper,ResourceActionHelper,98,0,10,0,25,0,9,0,4,0
Entando Plugin: CMS,com.agiletec.plugins.jacms.aps.system.services.resource.model.imageresizer,PNGImageResizer,241,0,10,0,59,0,11,0,6,0
Entando Plugin: CMS,com.agiletec.plugins.jacms.aps.system.services.resource.model.imageresizer,DefaultImageResizer,121,0,0,0,27,0,4,0,4,0
Entando Plugin: CMS,com.agiletec.plugins.jacms.aps.system.services.resource.model.imageresizer,AbstractImageResizer,165,0,6,0,34,0,10,0,7,0
Entando Plugin: CMS,org.entando.entando.plugins.jacms.web.contentmodel,ContentModelResourceController,21,204,1,5,4,42,2,11,1,9
Entando Plugin: CMS,com.agiletec.plugins.jacms.aps.system.services.contentpagemapper.cache,ContentMapperCacheWrapper,27,112,10,8,6,29,10,6,1,6
Entando Plugin: CMS,org.entando.entando.plugins.jacms.web.content,ContentController.new AbstractPaginationValidator() {...},22,0,2,0,7,0,6,0,5,0
Entando Plugin: CMS,org.entando.entando.plugins.jacms.web.content,ContentTypeResourceController,416,145,7,1,76,31,19,9,15,9
Entando Plugin: CMS,org.entando.entando.plugins.jacms.web.content,ContentController,461,50,33,1,89,10,33,5,16,5
Entando Plugin: CMS,org.entando.entando.plugins.jacms.web.contentsettings,ContentSettingsController,168,0,0,0,34,0,11,0,11,0
Entando Plugin: CMS,org.entando.entando.plugins.jacms.aps.util,CmsPageUtil,379,0,64,0,92,0,44,0,12,0
Entando Plugin: CMS,com.agiletec.plugins.jacms.aps.system.services.contentmodel.model,ContentTypeRefreshRequest,14,0,0,0,5,0,3,0,3,0
Entando Plugin: CMS,com.agiletec.plugins.jacms.aps.system.services.contentmodel.model,ContentModelDto,0,38,0,0,0,16,0,11,0,11
Entando Plugin: CMS,com.agiletec.plugins.jacms.aps.system.services.contentmodel.model,ContentTypeDto,154,34,17,1,29,13,19,5,10,5
Entando Plugin: CMS,com.agiletec.plugins.jacms.aps.system.services.contentmodel.model,ContentModelReference,0,31,0,0,0,13,0,9,0,9
Entando Plugin: CMS,com.agiletec.plugins.jacms.aps.system.services.contentmodel.model,ContentTypeDtoBuilder,11,0,0,0,3,0,2,0,2,0
Entando Plugin: CMS,com.agiletec.plugins.jacms.aps.system.services.contentmodel.model,ContentTypeDtoRequest,40,32,1,1,13,10,8,2,7,2
Entando Plugin: CMS,com.agiletec.plugins.jacms.aps.system.services.resource.model.util,ImageDimensionReader,17,37,1,1,7,11,3,5,2,5
Entando Plugin: CMS,com.agiletec.plugins.jacms.aps.system.services.contentmodel.event,ContentModelChangedEvent,13,11,0,0,5,5,4,3,4,3
Entando Plugin: CMS,org.entando.entando.plugins.jacms.apsadmin.portal.specialwidget.rowcontentlist,RowContentListViewerWidgetAction,592,0,62,0,163,0,64,0,33,0
Entando Plugin: CMS,com.agiletec.plugins.jacms.apsadmin.content.helper,ContentActionHelper,606,0,96,0,141,0,64,0,16,0
Entando Plugin: CMS,com.agiletec.plugins.jacms.aps.tags.util,SearcherTagHelper,71,0,6,0,16,0,5,0,2,0
Entando Plugin: CMS,com.agiletec.plugins.jacms.aps.system.services.content.model.attribute,ImageAttribute,29,3,2,0,9,1,5,1,4,1
Entando Plugin: CMS,com.agiletec.plugins.jacms.aps.system.services.content.model.attribute,AttachAttribute,103,0,10,0,32,0,11,0,6,0
Entando Plugin: CMS,com.agiletec.plugins.jacms.aps.system.services.content.model.attribute,JAXBLinkValue,24,0,0,0,10,0,7,0,7,0
Entando Plugin: CMS,com.agiletec.plugins.jacms.aps.system.services.content.model.attribute,CmsHypertextAttribute,317,7,26,0,74,2,27,2,14,2
Entando Plugin: CMS,com.agiletec.plugins.jacms.aps.system.services.content.model.attribute,JAXBResourceAttribute,10,0,0,0,4,0,3,0,3,0
Entando Plugin: CMS,com.agiletec.plugins.jacms.aps.system.services.content.model.attribute,LinkAttribute,569,0,54,0,144,0,54,0,25,0
Entando Plugin: CMS,com.agiletec.plugins.jacms.aps.system.services.content.model.attribute,ContentStatusState,83,0,8,0,16,0,7,0,3,0
Entando Plugin: CMS,com.agiletec.plugins.jacms.aps.system.services.content.model.attribute,JAXBResourceValue,31,0,0,0,13,0,9,0,9,0
Entando Plugin: CMS,com.agiletec.plugins.jacms.aps.system.services.content.model.attribute,JAXBLinkAttribute,10,0,0,0,4,0,3,0,3,0
Entando Plugin: CMS,com.agiletec.plugins.jacms.aps.system.services.content.model.attribute,AbstractResourceAttribute,551,197,65,9,143,47,70,14,35,12
Entando Plugin: CMS,org.entando.entando.plugins.jacms.aps.system.services.contentmodel,ContentModelRequestListProcessor,32,50,4,3,6,9,8,9,4,8
Entando Plugin: CMS,org.entando.entando.plugins.jacms.aps.system.services.contentmodel,ContentModelReferencesRequestListProcessor,58,19,6,1,9,6,12,4,7,4
Entando Plugin: CMS,com.agiletec.plugins.jacms.apsadmin.portal.specialwidget.viewer,ContentViewerWidgetAction,195,0,12,0,55,0,20,0,14,0
Entando Plugin: CMS,com.agiletec.plugins.jacms.apsadmin.portal.specialwidget.viewer,ContentFinderViewerAction,251,0,16,0,78,0,36,0,28,0
Entando Plugin: CMS,com.agiletec.plugins.jacms.aps.system.services.content.parse.attribute,ResourceAttributeHandler,20,225,10,26,6,61,11,24,1,16
Entando Plugin: CMS,com.agiletec.plugins.jacms.aps.system.services.content.parse.attribute,LinkAttributeHandler,289,0,52,0,79,0,43,0,17,0
Entando Plugin: CMS,org.entando.entando.plugins.jacms.apsadmin.content.rs.model,ContentsStatusResponse,59,0,0,0,21,0,11,0,11,0
Entando Plugin: CMS,org.entando.entando.plugins.jacms.apsadmin.content.rs.model,ContentJO,75,0,2,0,26,0,14,0,13,0
Entando Plugin: CMS,com.agiletec.plugins.jacms.aps.system.services.searchengine,SearchEngineDAOFactory,350,0,28,0,87,0,37,0,23,0
Entando Plugin: CMS,com.agiletec.plugins.jacms.aps.system.services.searchengine,LastReloadInfo,17,0,0,0,7,0,5,0,5,0
Entando Plugin: CMS,com.agiletec.plugins.jacms.aps.system.services.searchengine,IndexerDAO,623,0,74,0,130,0,52,0,15,0
Entando Plugin: CMS,com.agiletec.plugins.jacms.aps.system.services.searchengine,SearchEngineManager,314,297,39,23,73,98,39,29,12,24
Entando Plugin: CMS,com.agiletec.plugins.jacms.aps.system.services.searchengine,IndexLoaderThread,106,0,4,0,34,0,7,0,5,0
Entando Plugin: CMS,com.agiletec.plugins.jacms.aps.system.services.searchengine,SearcherDAO,1027,0,152,0,215,0,93,0,17,0
Entando Plugin: CMS,com.agiletec.plugins.jacms.apsadmin.content.attribute.action.list,ListAttributeAction,157,0,14,0,40,0,20,0,13,0
Entando Plugin: CMS,com.agiletec.plugins.jacms.apsadmin.system,ContentTypeConfigAction,164,0,16,0,48,0,24,0,16,0
Entando Plugin: CMS,com.agiletec.plugins.jacms.apsadmin.system,ContentTypesAction,35,0,0,0,13,0,6,0,6,0
Entando Plugin: CMS,com.agiletec.plugins.jacms.aps.system.services.cache,CmsCacheWrapperManager,342,0,18,0,71,0,24,0,15,0
Entando Plugin: CMS,org.entando.entando.plugins.jacms.apsadmin.portal.helper,ContentPageValidator,324,0,42,0,75,0,34,0,13,0
Entando Plugin: CMS,org.entando.entando.plugins.jacms.apsadmin.tags,CmsAdminPagerTag,105,0,0,0,24,0,8,0,8,0
Entando Plugin: CMS,org.entando.entando.plugins.jacms.apsadmin.tags,ContentPreviewTag,47,0,0,0,12,0,3,0,3,0
Entando Plugin: CMS,org.entando.entando.plugins.jacms.web.contentsettings.model,LastReloadInfoDto,27,0,0,0,7,0,6,0,6,0
Entando Plugin: CMS,org.entando.entando.plugins.jacms.web.contentsettings.model,LastReloadInfoDto.LastReloadInfoDtoBuilder,38,0,0,0,1,0,5,0,5,0
Entando Plugin: CMS,org.entando.entando.plugins.jacms.web.contentsettings.model,ContentSettingsCropRatioRequest,10,0,0,0,3,0,3,0,3,0
Entando Plugin: CMS,org.entando.entando.plugins.jacms.web.contentsettings.model,ContentSettingsEditorRequest,10,0,0,0,4,0,3,0,3,0
Entando Plugin: CMS,org.entando.entando.plugins.jacms.web.contentsettings.model,CreateContentSettingsMetadataRequest,17,0,0,0,7,0,5,0,5,0
Entando Plugin: CMS,org.entando.entando.plugins.jacms.web.contentsettings.model,EditContentSettingsMetadataRequest,10,0,0,0,4,0,3,0,3,0
Entando Plugin: CMS,org.entando.entando.plugins.jacms.web.contentsettings.model,ContentSettingsDto,92,0,2,0,27,0,16,0,15,0
Entando Plugin: CMS,org.entando.entando.plugins.jacms.web.contentsettings.model,ContentSettingsDto.Editor,68,0,4,0,14,0,7,0,5,0
Entando Plugin: CMS,com.agiletec.plugins.jacms.apsadmin.content.attribute.action.hypertext,PageLinkAttributeAction,68,0,2,0,19,0,8,0,7,0
Entando Plugin: CMS,com.agiletec.plugins.jacms.apsadmin.content.attribute.action.hypertext,ContentLinkAttributeAction,114,0,2,0,31,0,9,0,8,0
Entando Plugin: CMS,com.agiletec.plugins.jacms.apsadmin.content.attribute.action.hypertext,HypertextAttributeAction,17,0,0,0,7,0,5,0,5,0
Entando Plugin: CMS,org.entando.entando.plugins.jacms.aps.tags,RowContentListTag,94,0,6,0,29,0,8,0,5,0
Entando Plugin: CMS,org.entando.entando.plugins.jacms.aps.system.services.api.model,ApiContentListBean,127,0,8,0,36,0,15,0,11,0
Entando Plugin: CMS,org.entando.entando.plugins.jacms.aps.system.services.api.model,JAXBContentAttribute,31,0,0,0,14,0,9,0,9,0
Entando Plugin: CMS,org.entando.entando.plugins.jacms.aps.system.services.api.model,JAXBContentType,21,0,0,0,9,0,6,0,6,0
Entando Plugin: CMS,org.entando.entando.plugins.jacms.aps.system.services.api.model,JAXBContent,52,0,0,0,20,0,10,0,10,0
Entando Plugin: CMS,org.entando.entando.plugins.jacms.aps.system.services.api.model,JAXBCmsResult,17,0,0,0,7,0,5,0,5,0
Entando Plugin: CMS,org.entando.entando.plugins.jacms.aps.system.services.api.model,JAXBResource,423,0,36,0,117,0,39,0,21,0
Entando Plugin: CMS,org.entando.entando.plugins.jacms.aps.system.services.api.model,CmsApiResponse,27,0,0,0,9,0,5,0,5,0
Entando Plugin: CMS,org.entando.entando.plugins.jacms.aps.system.services.api.model,CmsApiResponseResult,6,0,0,0,2,0,2,0,2,0
Entando Plugin: CMS,com.agiletec.plugins.jacms.aps.system,JacmsSystemConstants,3,0,0,0,1,0,1,0,1,0
Entando Plugin: CMS,com.agiletec.plugins.jacms.aps.system.services.resource,ResourceService,115,0,2,0,30,0,12,0,11,0
Entando Plugin: CMS,com.agiletec.plugins.jacms.aps.system.services.resource,ResourceService.new DtoBuilder() {...},14,0,0,0,3,0,2,0,2,0
Entando Plugin: CMS,com.agiletec.plugins.jacms.aps.system.services.resource,ResourceManager,1233,24,46,0,306,8,69,5,46,5
Entando Plugin: CMS,com.agiletec.plugins.jacms.aps.system.services.resource,ResourceReloaderThread,94,0,12,0,27,0,13,0,7,0
Entando Plugin: CMS,com.agiletec.plugins.jacms.aps.system.services.resource,ResourceDAO,1145,35,58,0,278,12,59,3,30,3
Entando Plugin: CMS,org.entando.entando.plugins.jacms.aps.system.services.content.helper,ContentHelper,131,0,12,0,33,0,13,0,7,0
Entando Plugin: CMS,com.agiletec.plugins.jacms.aps.system.services.contentmodel,ContentRestriction,14,0,4,0,2,0,4,0,2,0
Entando Plugin: CMS,com.agiletec.plugins.jacms.aps.system.services.contentmodel,ContentModelManager,285,437,55,33,64,112,43,30,8,20
Entando Plugin: CMS,com.agiletec.plugins.jacms.aps.system.services.contentmodel,ContentModel,39,60,14,2,10,21,10,13,2,13
Entando Plugin: CMS,com.agiletec.plugins.jacms.aps.system.services.contentmodel,ContentModelDAO,311,0,2,0,80,0,8,0,7,0
Entando Plugin: CMS,com.agiletec.plugins.jacms.apsadmin.content.attribute.action.resource,ResourceAttributeActionHelper,477,0,48,0,114,0,39,0,15,0
Entando Plugin: CMS,com.agiletec.plugins.jacms.apsadmin.content.attribute.action.resource,ExtendedResourceFinderAction,229,0,10,0,63,0,22,0,17,0
Entando Plugin: CMS,com.agiletec.plugins.jacms.apsadmin.content.attribute.action.resource,ResourceAttributeAction,200,0,4,0,63,0,25,0,23,0
Entando Plugin: CMS,com.agiletec.plugins.jacms.apsadmin.content.attribute.action.resource,ExtendedResourceAction,460,0,38,0,106,0,34,0,15,0
Entando Plugin: CMS,com.agiletec.plugins.jacms.aps.system.services.content.parse,ContentDOM,18,63,3,5,6,19,3,10,0,9
Entando Plugin: CMS,com.agiletec.plugins.jacms.aps.system.services.content.parse,ContentTypeDOM,101,3,10,0,26,1,10,1,5,1
Entando Plugin: CMS,com.agiletec.plugins.jacms.aps.system.services.content.parse,ContentHandler,260,0,42,0,80,0,39,0,18,0
Entando Plugin: CMS,com.agiletec.plugins.jacms.aps.system.services.contentmodel.cache,ContentModelManagerCacheWrapper,118,0,2,0,28,0,12,0,11,0
Entando Plugin: CMS,org.entando.entando.plugins.jacms.aps.system.services.content.command.category,RemoveCategoryBulkCommand,57,0,10,0,13,0,8,0,3,0
Entando Plugin: CMS,org.entando.entando.plugins.jacms.aps.system.services.content.command.category,JoinCategoryBulkCommand,70,0,12,0,14,0,10,0,4,0
Entando Plugin: CMS,org.entando.entando.plugins.jacms.apsadmin.content,ContentPreviewAction,268,0,26,0,74,0,30,0,17,0
Entando Plugin: CMS,org.entando.entando.plugins.jacms.aps.system.services.api.response,ContentTypeResponseResult,7,0,0,0,2,0,2,0,2,0
Entando Plugin: CMS,org.entando.entando.plugins.jacms.aps.system.services.api.response,ContentTypeResponse,11,0,0,0,3,0,3,0,3,0
Entando Plugin: CMS,org.entando.entando.plugins.jacms.aps.system.services.api.response,ContentResponse,11,0,0,0,3,0,3,0,3,0
Entando Plugin: CMS,org.entando.entando.plugins.jacms.aps.system.services.api.response,ContentModelResponse,11,0,0,0,3,0,3,0,3,0
Entando Plugin: CMS,org.entando.entando.plugins.jacms.aps.system.services.api.response,ContentModelResponseResult,7,0,0,0,2,0,2,0,2,0
Entando Plugin: CMS,org.entando.entando.plugins.jacms.aps.system.services.api.response,ContentResponseResult,7,0,0,0,2,0,2,0,2,0
Entando Plugin: CMS,org.entando.entando.plugins.jacms.aps.system.services.api.response,ResourceResponseResult,7,0,0,0,2,0,2,0,2,0
Entando Plugin: CMS,org.entando.entando.plugins.jacms.aps.system.services.api.response,ResourceResponse,11,0,0,0,3,0,3,0,3,0
Entando Plugin: CMS,org.entando.entando.plugins.jacms.aps.system.services.api,AbstractCmsApiInterface,17,0,0,0,7,0,5,0,5,0
Entando Plugin: CMS,org.entando.entando.plugins.jacms.aps.system.services.api,ApiContentTypeInterface,218,0,16,0,57,0,25,0,17,0
Entando Plugin: CMS,org.entando.entando.plugins.jacms.aps.system.services.api,ApiContentModelInterface,372,0,26,0,71,0,20,0,7,0
Entando Plugin: CMS,org.entando.entando.plugins.jacms.aps.system.services.api,ApiResourceInterface,979,0,96,0,217,0,83,0,35,0
Entando Plugin: CMS,org.entando.entando.plugins.jacms.aps.system.services.api,ApiContentInterface,1536,0,120,0,349,0,104,0,44,0
Entando Plugin: CMS,com.agiletec.plugins.jacms.aps.system.services.contentmodel.dictionary,ContentModelDictionary,0,16,0,0,0,4,0,2,0,2
Entando Plugin: CMS,com.agiletec.plugins.jacms.aps.system.services.contentmodel.dictionary,ContentModelDictionaryProvider,19,40,0,0,6,13,6,7,6,7
Entando Plugin: CMS,com.agiletec.plugins.jacms.aps.system.services.content,ContentDAO,1904,4,48,0,474,1,75,1,51,1
Entando Plugin: CMS,com.agiletec.plugins.jacms.aps.system.services.content,ContentManager,869,18,46,0,221,6,74,5,51,5
Entando Plugin: CMS,com.agiletec.plugins.jacms.aps.system.services.content,PublicContentSearcherDAO,353,0,32,0,80,0,27,0,11,0
Entando Plugin: CMS,com.agiletec.plugins.jacms.aps.system.services.content,IContentManager,60,0,0,0,1,0,1,0,1,0
Entando Plugin: CMS,com.agiletec.plugins.jacms.aps.system.services.content,ContentsStatus,62,0,0,0,15,0,11,0,11,0
Entando Plugin: CMS,com.agiletec.plugins.jacms.aps.system.services.content,ContentUpdaterDAO,108,0,2,0,26,0,4,0,3,0
Entando Plugin: CMS,com.agiletec.plugins.jacms.aps.system.services.content,ContentUpdaterService,254,0,10,0,64,0,18,0,13,0
Entando Plugin: CMS,com.agiletec.plugins.jacms.aps.system.services.content,AbstractContentSearcherDAO,714,0,94,0,169,0,69,0,22,0
Entando Plugin: CMS,com.agiletec.plugins.jacms.aps.system.services.content,WorkContentSearcherDAO,35,0,4,0,11,0,10,0,8,0
Entando Plugin: CMS,org.entando.entando.plugins.jacms.apsadmin.content.bulk.util,SmallBulkCommandReport,52,0,0,0,22,0,15,0,15,0
Entando Plugin: CMS,org.entando.entando.plugins.jacms.apsadmin.content.bulk.util,ContentBulkActionHelper,281,0,40,0,73,0,33,0,13,0
Entando Plugin: CMS,org.entando.entando.plugins.jacms.apsadmin.content.bulk.util,ContentBulkActionSummary,45,0,0,0,13,0,7,0,7,0
Entando Plugin: CMS,com.agiletec.plugins.jacms.aps.tags,ContentListFilterTag,208,0,14,0,62,0,28,0,21,0
Entando Plugin: CMS,com.agiletec.plugins.jacms.aps.tags,ContentInfoTag,236,0,28,0,59,0,25,0,11,0
Entando Plugin: CMS,com.agiletec.plugins.jacms.aps.tags,ContentListUserFilterOptionTag,160,0,14,0,43,0,22,0,15,0
Entando Plugin: CMS,com.agiletec.plugins.jacms.aps.tags,SearcherTag,60,0,0,0,17,0,5,0,5,0
Entando Plugin: CMS,com.agiletec.plugins.jacms.aps.tags,ContentListTag,447,0,40,0,125,0,56,0,36,0
Entando Plugin: CMS,com.agiletec.plugins.jacms.aps.tags,ContentTag,155,0,14,0,41,0,21,0,14,0
Entando Plugin: CMS,com.agiletec.plugins.jacms.apsadmin.portal,PageAction,218,0,10,0,59,0,21,0,16,0
Entando Plugin: CMS,com.agiletec.plugins.jacms.aps.system.services.content.widget,ContentViewerHelper,99,312,30,36,19,85,23,30,1,19
Entando Plugin: CMS,com.agiletec.plugins.jacms.aps.system.services.content.widget,UserFilterOptionBean.AttributeFormFieldError,30,0,0,0,10,0,5,0,5,0
Entando Plugin: CMS,com.agiletec.plugins.jacms.aps.system.services.content.widget,UserFilterOptionBean,1150,0,152,0,239,0,111,0,35,0
Entando Plugin: CMS,com.agiletec.plugins.jacms.aps.system.services.content.widget,ContentListHelper,760,0,114,0,168,0,79,0,22,0
Entando Plugin: CMS,com.agiletec.plugins.jacms.aps.system.services.content.widget,IContentListWidgetHelper,39,0,0,0,2,0,1,0,1,0
Entando Plugin: CMS,org.entando.entando.plugins.jacms.aps.system.init.portdb.enums,AttributeType,273,0,4,0,30,0,6,0,4,0
Entando Plugin: CMS,org.entando.entando.plugins.jacms.aps.system.services,ContentTypeService,204,0,2,0,44,0,24,0,23,0
Entando Plugin: CMS,org.entando.entando.plugins.jacms.aps.system.services,ContentModelUsageDetailsRequestListProcessor,81,0,7,0,15,0,17,0,12,0
Entando Plugin: CMS,org.entando.entando.plugins.jacms.aps.system.services,ContentModelServiceImpl.new DtoBuilder() {...},0,33,0,0,0,8,0,2,0,2
Entando Plugin: CMS,org.entando.entando.plugins.jacms.aps.system.services,ContentModelServiceImpl,231,643,12,32,55,155,17,35,9,21
Entando Plugin: CMS,com.agiletec.plugins.jacms.apsadmin.content.attribute.action.link.helper,LinkAttributeActionHelper,423,0,34,0,100,0,30,0,11,0
Entando Plugin: CMS,org.entando.entando.plugins.jacms.aps.system.services.content.widget,RowContentListHelper,20,115,12,12,5,18,12,3,2,1
Entando Plugin: CMS,org.entando.entando.plugins.jacms.aps.system.services.content,ContentService.new DtoBuilder() {...},0,20,0,0,0,4,0,2,0,2
Entando Plugin: CMS,org.entando.entando.plugins.jacms.aps.system.services.content,ContentService,1097,699,121,47,218,164,98,48,26,36
Entando Plugin: CMS,org.entando.entando.plugins.jacms.apsadmin.content.preview,ContentPreviewViewerHelper,140,0,12,0,30,0,9,0,3,0
Entando Plugin: CMS,org.entando.entando.plugins.jacms.apsadmin.content.preview,ContentPreviewDispenser,135,0,12,0,31,0,13,0,7,0
Entando Plugin: CMS,org.entando.entando.plugins.jacms.aps.servlet,ProtectedResourceProvider,374,0,36,0,103,0,41,0,23,0
Entando Plugin: CMS,com.agiletec.plugins.jacms.aps.system.services.content.model.attribute.util,HypertextAttributeUtil,269,0,40,0,63,0,27,0,7,0
Entando Plugin: CMS,com.agiletec.plugins.jacms.aps.system.services.content.model.attribute.util,SymbolicLinkValidator,330,0,36,0,89,0,33,0,13,0
Entando Plugin: CMS,com.agiletec.plugins.jacms.apsadmin.portal.specialwidget.listviewer,NumberAttributeFilterAction,68,0,6,0,22,0,13,0,10,0
Entando Plugin: CMS,com.agiletec.plugins.jacms.apsadmin.portal.specialwidget.listviewer,BaseFilterAction,309,0,28,0,92,0,46,0,32,0
Entando Plugin: CMS,com.agiletec.plugins.jacms.apsadmin.portal.specialwidget.listviewer,TextAttributeFilterAction,90,0,10,0,27,0,17,0,12,0
Entando Plugin: CMS,com.agiletec.plugins.jacms.apsadmin.portal.specialwidget.listviewer,BooleanAttributeFilterAction,32,0,4,0,9,0,7,0,5,0
Entando Plugin: CMS,com.agiletec.plugins.jacms.apsadmin.portal.specialwidget.listviewer,ContentListViewerWidgetAction,1307,0,144,0,340,0,143,0,71,0
Entando Plugin: CMS,com.agiletec.plugins.jacms.apsadmin.portal.specialwidget.listviewer,DateAttributeFilterAction,165,0,12,0,49,0,29,0,23,0
Entando Plugin: CMS,org.entando.entando.plugins.jacms.web.resource.validator,ResourcesValidator,47,0,4,0,15,0,9,0,7,0
Entando Plugin: CMS,com.agiletec.plugins.jacms.apsadmin.content,ContentAdminAction,93,412,17,29,21,115,20,43,7,33
Entando Plugin: CMS,com.agiletec.plugins.jacms.apsadmin.content,ContentInspectionAction,444,0,36,0,105,0,35,0,17,0
Entando Plugin: CMS,com.agiletec.plugins.jacms.apsadmin.content,ContentCategoryAction,133,0,8,0,41,0,19,0,15,0
Entando Plugin: CMS,com.agiletec.plugins.jacms.apsadmin.content,ContentAction,763,0,58,0,196,0,67,0,38,0
Entando Plugin: CMS,com.agiletec.plugins.jacms.apsadmin.content,ContentFinderAction,1928,0,184,0,526,0,186,0,94,0
Entando Plugin: CMS,com.agiletec.plugins.jacms.apsadmin.content,ContentFinderSearchInfo,222,0,22,0,61,0,31,0,20,0
Entando Plugin: CMS,com.agiletec.plugins.jacms.apsadmin.content,AbstractContentAction,249,0,6,0,59,0,31,0,27,0
Entando Plugin: CMS,com.agiletec.plugins.jacms.apsadmin.content,IntroNewContentAction,193,0,8,0,58,0,19,0,15,0
Entando Plugin: CMS,com.agiletec.plugins.jacms.apsadmin.util,CmsPageActionUtil,15,0,0,0,4,0,4,0,4,0
Entando Plugin: CMS,com.agiletec.plugins.jacms.apsadmin.util,ResourceIconUtil,70,0,8,0,19,0,12,0,8,0
